Using pre-set license
Built from '2022.3/staging' branch; Version is '2022.3.7f1 (b16b3b16c7a0) revision 11627323'; Using compiler version '192829333'; Build Type 'Release'
OS: 'Windows 11  (10.0.22621) 64bit Professional' Language: 'en' Physical Memory: 16064 MB
BatchMode: 1, IsHumanControllingUs: 0, StartBugReporterOnCrash: 0, Is64bit: 1, IsPro: 1

COMMAND LINE ARGUMENTS:
C:\Program Files\Unity\Hub\Editor\2022.3.7f1\Editor\Unity.exe
-adb2
-batchMode
-noUpm
-name
AssetImportWorker0
-projectPath
C:/Users/luqas/Documents/GitHub/Soulkeeper
-logFile
Logs/AssetImportWorker0.log
-srvPort
49389
Successfully changed project path to: C:/Users/luqas/Documents/GitHub/Soulkeeper
C:/Users/luqas/Documents/GitHub/Soulkeeper
[UnityMemory] Configuration Parameters - Can be set up in boot.config
    "memorysetup-bucket-allocator-granularity=16"
    "memorysetup-bucket-allocator-bucket-count=8"
    "memorysetup-bucket-allocator-block-size=33554432"
    "memorysetup-bucket-allocator-block-count=8"
    "memorysetup-main-allocator-block-size=16777216"
    "memorysetup-thread-allocator-block-size=16777216"
    "memorysetup-gfx-main-allocator-block-size=16777216"
    "memorysetup-gfx-thread-allocator-block-size=16777216"
    "memorysetup-cache-allocator-block-size=4194304"
    "memorysetup-typetree-allocator-block-size=2097152"
    "memorysetup-profiler-bucket-allocator-granularity=16"
    "memorysetup-profiler-bucket-allocator-bucket-count=8"
    "memorysetup-profiler-bucket-allocator-block-size=33554432"
    "memorysetup-profiler-bucket-allocator-block-count=8"
    "memorysetup-profiler-allocator-block-size=16777216"
    "memorysetup-profiler-editor-allocator-block-size=1048576"
    "memorysetup-temp-allocator-size-main=16777216"
    "memorysetup-job-temp-allocator-block-size=2097152"
    "memorysetup-job-temp-allocator-block-size-background=1048576"
    "memorysetup-job-temp-allocator-reduction-small-platforms=262144"
    "memorysetup-allocator-temp-initial-block-size-main=262144"
    "memorysetup-allocator-temp-initial-block-size-worker=262144"
    "memorysetup-temp-allocator-size-background-worker=32768"
    "memorysetup-temp-allocator-size-job-worker=262144"
    "memorysetup-temp-allocator-size-preload-manager=33554432"
    "memorysetup-temp-allocator-size-nav-mesh-worker=65536"
    "memorysetup-temp-allocator-size-audio-worker=65536"
    "memorysetup-temp-allocator-size-cloud-worker=32768"
    "memorysetup-temp-allocator-size-gi-baking-worker=262144"
    "memorysetup-temp-allocator-size-gfx=262144"
Player connection [24804] Host "[IP] 10.0.35.102 [Port] 0 [Flags] 2 [Guid] 690592994 [EditorId] 690592994 [Version] 1048832 [Id] WindowsEditor(7,FastTwo) [Debug] 1 [PackageName] WindowsEditor [ProjectName] Editor" joined multi-casting on [225.0.0.222:54997]...

Player connection [24804] Host "[IP] 10.0.35.102 [Port] 0 [Flags] 2 [Guid] 690592994 [EditorId] 690592994 [Version] 1048832 [Id] WindowsEditor(7,FastTwo) [Debug] 1 [PackageName] WindowsEditor [ProjectName] Editor" joined alternative multi-casting on [225.0.0.222:34997]...

Refreshing native plugins compatible for Editor in 3710.23 ms, found 4 plugins.
Preloading 0 native plugins for Editor in 0.00 ms.
Initialize engine version: 2022.3.7f1 (b16b3b16c7a0)
[Subsystems] Discovering subsystems at path C:/Program Files/Unity/Hub/Editor/2022.3.7f1/Editor/Data/Resources/UnitySubsystems
[Subsystems] Discovering subsystems at path C:/Users/luqas/Documents/GitHub/Soulkeeper/Assets
GfxDevice: creating device client; threaded=0; jobified=0
Direct3D:
    Version:  Direct3D 11.0 [level 11.1]
    Renderer: Intel(R) Iris(R) Xe Graphics (ID=0x9a49)
    Vendor:   Intel
    VRAM:     8032 MB
    Driver:   31.0.101.4887
Initialize mono
Mono path[0] = 'C:/Program Files/Unity/Hub/Editor/2022.3.7f1/Editor/Data/Managed'
Mono path[1] = 'C:/Program Files/Unity/Hub/Editor/2022.3.7f1/Editor/Data/MonoBleedingEdge/lib/mono/unityjit-win32'
Mono config path = 'C:/Program Files/Unity/Hub/Editor/2022.3.7f1/Editor/Data/MonoBleedingEdge/etc'
Using monoOptions --debugger-agent=transport=dt_socket,embedding=1,server=y,suspend=n,address=127.0.0.1:56764
Begin MonoManager ReloadAssembly
Registering precompiled unity dll's ...
Register platform support module: C:/Program Files/Unity/Hub/Editor/2022.3.7f1/Editor/Data/PlaybackEngines/WindowsStandaloneSupport/UnityEditor.WindowsStandalone.Extensions.dll
Registered in 0.205876 seconds.
- Loaded All Assemblies, in 12.375 seconds
Native extension for WindowsStandalone target not found
Mono: successfully reloaded assembly
- Finished resetting the current domain, in  0.425 seconds
Domain Reload Profiling: 12798ms
	BeginReloadAssembly (9189ms)
		ExecutionOrderSort (0ms)
		DisableScriptedObjects (0ms)
		BackupInstance (0ms)
		ReleaseScriptingObjects (0ms)
		CreateAndSetChildDomain (1ms)
	RebuildCommonClasses (835ms)
	RebuildNativeTypeToScriptingClass (22ms)
	initialDomainReloadingComplete (289ms)
	LoadAllAssembliesAndSetupDomain (2038ms)
		LoadAssemblies (9187ms)
		RebuildTransferFunctionScriptingTraits (0ms)
		AnalyzeDomain (2036ms)
			TypeCache.Refresh (2034ms)
				TypeCache.ScanAssembly (1520ms)
			ScanForSourceGeneratedMonoScriptInfo (1ms)
			ResolveRequiredComponents (1ms)
	FinalizeReload (425ms)
		ReleaseScriptCaches (0ms)
		RebuildScriptCaches (0ms)
		SetupLoadedEditorAssemblies (329ms)
			LogAssemblyErrors (0ms)
			InitializePlatformSupportModulesInManaged (15ms)
			SetLoadedEditorAssemblies (12ms)
			RefreshPlugins (0ms)
			BeforeProcessingInitializeOnLoad (4ms)
			ProcessInitializeOnLoadAttributes (212ms)
			ProcessInitializeOnLoadMethodAttributes (87ms)
			AfterProcessingInitializeOnLoad (0ms)
			EditorAssembliesLoaded (0ms)
		ExecutionOrderSort2 (0ms)
		AwakeInstancesAfterBackupRestoration (0ms)
========================================================================
Worker process is ready to serve import requests
Begin MonoManager ReloadAssembly
Symbol file LoadedFromMemory doesn't match image C:\Users\luqas\Documents\GitHub\Soulkeeper\Library\PackageCache\com.unity.visualscripting@1.8.0\Editor\VisualScripting.Core\Dependencies\YamlDotNet\Unity.VisualScripting.YamlDotNet.dll
Symbol file LoadedFromMemory doesn't match image C:\Users\luqas\Documents\GitHub\Soulkeeper\Library\PackageCache\com.unity.visualscripting@1.8.0\Editor\VisualScripting.Core\Dependencies\DotNetZip\Unity.VisualScripting.IonicZip.dll
- Loaded All Assemblies, in 16.189 seconds
Refreshing native plugins compatible for Editor in 7.32 ms, found 4 plugins.
Native extension for WindowsStandalone target not found
Package Manager log level set to [2]
[Package Manager] Server::EnsureServerProcessIsRunning -- launch failed, reason: Unity was launched with the -noUpm command-line argument
[Package Manager] UpmClient::Send -- Unable to send message (not connected to UPM process).
[Package Manager] Cannot connect to Unity Package Manager local server
Mono: successfully reloaded assembly
- Finished resetting the current domain, in  1.366 seconds
Domain Reload Profiling: 17553ms
	BeginReloadAssembly (187ms)
		ExecutionOrderSort (0ms)
		DisableScriptedObjects (5ms)
		BackupInstance (0ms)
		ReleaseScriptingObjects (0ms)
		CreateAndSetChildDomain (24ms)
	RebuildCommonClasses (37ms)
	RebuildNativeTypeToScriptingClass (13ms)
	initialDomainReloadingComplete (46ms)
	LoadAllAssembliesAndSetupDomain (15904ms)
		LoadAssemblies (14673ms)
		RebuildTransferFunctionScriptingTraits (0ms)
		AnalyzeDomain (1346ms)
			TypeCache.Refresh (1286ms)
				TypeCache.ScanAssembly (1132ms)
			ScanForSourceGeneratedMonoScriptInfo (42ms)
			ResolveRequiredComponents (15ms)
	FinalizeReload (1367ms)
		ReleaseScriptCaches (0ms)
		RebuildScriptCaches (0ms)
		SetupLoadedEditorAssemblies (1098ms)
			LogAssemblyErrors (0ms)
			InitializePlatformSupportModulesInManaged (9ms)
			SetLoadedEditorAssemblies (9ms)
			RefreshPlugins (0ms)
			BeforeProcessingInitializeOnLoad (142ms)
			ProcessInitializeOnLoadAttributes (783ms)
			ProcessInitializeOnLoadMethodAttributes (146ms)
			AfterProcessingInitializeOnLoad (9ms)
			EditorAssembliesLoaded (0ms)
		ExecutionOrderSort2 (0ms)
		AwakeInstancesAfterBackupRestoration (12ms)
Launched and connected shader compiler UnityShaderCompiler.exe after 0.08 seconds
Refreshing native plugins compatible for Editor in 8.39 ms, found 4 plugins.
Preloading 0 native plugins for Editor in 0.00 ms.
Unloading 6284 Unused Serialized files (Serialized files now loaded: 0)
Unloading 104 unused Assets / (422.7 KB). Loaded Objects now: 6744.
Memory consumption went from 233.2 MB to 232.8 MB.
Total: 7.985000 ms (FindLiveObjects: 0.654500 ms CreateObjectMapping: 0.942700 ms MarkObjects: 6.146500 ms  DeleteObjects: 0.240000 ms)

AssetImportParameters requested are different than current active one (requested -> active):
  custom:container-demuxer-ogg: 62fdf1f143b41e24485cea50d1cbac27 -> 
  custom:video-decoder-ogg-theora: a1e56fd34408186e4bbccfd4996cb3dc -> 
  custom:framework-win-MediaFoundation: 216162199b28c13a410421893ffa2e32 -> 
  custom:CustomObjectIndexerAttribute: a3ef5dd2817f97addfee359851a9dba5 -> 
  custom:container-demuxer-webm: 4f35f7cbe854078d1ac9338744f61a02 -> 
  custom:container-muxer-webm: aa71ff27fc2769a1b78a27578f13a17b -> 
  custom:video-decoder-webm-vp8: 9c59270c3fd7afecdb556c50c9e8de78 -> 
  custom:SearchIndexIgnoredProperties: e643bd26f0fe6173181afceb89e7c659 -> 
  custom:AudioImporter_EditorPlatform: d09bf68614088b80899f8185d706f6e7 -> 
  custom:video-encoder-webm-vp8: eb34c28f22e8b96e1ab97ce403110664 -> 
  custom:audio-decoder-ogg-vorbis: bf7c407c2cedff20999df2af8eb42d56 -> 
  custom:audio-encoder-webm-vorbis: bf7c407c2cedff20999df2af8eb42d56 -> 
========================================================================
Received Import Request.
  Time since last request: 1284864.482516 seconds.
  path: Assets/Art/freeknight/Colour1/NoOutline/120x80_PNGSheets/_Idle.png
  artifactKey: Guid(42762f83e349305478da2dff4f95461e) Importer(815301076,1909f56bfc062723c751e8b465ee728b)
Start importing Assets/Art/freeknight/Colour1/NoOutline/120x80_PNGSheets/_Idle.png using Guid(42762f83e349305478da2dff4f95461e) Importer(815301076,1909f56bfc062723c751e8b465ee728b)  -> (artifact id: '6cc464364d4567bb2c799834c89e3078') in 0.031497 seconds
Number of updated asset objects reloaded before import = 0
Number of asset objects unloaded after import = 11
========================================================================
Received Import Request.
  Time since last request: 1234.301590 seconds.
  path: Assets/Art/freeknight/Colour1/NoOutline/120x80_PNGSheets/_Hit.png
  artifactKey: Guid(52ec306646e780849894171c6e607d9d) Importer(815301076,1909f56bfc062723c751e8b465ee728b)
Start importing Assets/Art/freeknight/Colour1/NoOutline/120x80_PNGSheets/_Hit.png using Guid(52ec306646e780849894171c6e607d9d) Importer(815301076,1909f56bfc062723c751e8b465ee728b)  -> (artifact id: '054720766e123d6a0d81eca746c5d1b7') in 0.002670 seconds
Number of updated asset objects reloaded before import = 0
Number of asset objects unloaded after import = 2
========================================================================
Received Import Request.
  Time since last request: 596.950091 seconds.
  path: Assets/Art/freeknight/Colour2/Outline/120x80_PNGSheets/_Idle.png
  artifactKey: Guid(7e4368777495ce647a13f73af90e1607) Importer(815301076,1909f56bfc062723c751e8b465ee728b)
Start importing Assets/Art/freeknight/Colour2/Outline/120x80_PNGSheets/_Idle.png using Guid(7e4368777495ce647a13f73af90e1607) Importer(815301076,1909f56bfc062723c751e8b465ee728b)  -> (artifact id: '7c0871a57ab58375e0906a7ac4fb661e') in 0.004234 seconds
Number of updated asset objects reloaded before import = 0
Number of asset objects unloaded after import = 2
========================================================================
Received Import Request.
  Time since last request: 281.565488 seconds.
  path: Assets/Art/freeknight/Colour1/NoOutline/120x80_PNGSheets/_Crouch.png
  artifactKey: Guid(67707b1d87ebece48a8c81d878795bc7) Importer(815301076,1909f56bfc062723c751e8b465ee728b)
Start importing Assets/Art/freeknight/Colour1/NoOutline/120x80_PNGSheets/_Crouch.png using Guid(67707b1d87ebece48a8c81d878795bc7) Importer(815301076,1909f56bfc062723c751e8b465ee728b)  -> (artifact id: '4e8372dfcee7a5b6c8fda48ae6b6ba06') in 0.002605 seconds
Number of updated asset objects reloaded before import = 0
Number of asset objects unloaded after import = 2
========================================================================
Received Import Request.
  Time since last request: 20.174019 seconds.
  path: Assets/Characters/Player/AC_Player.controller
  artifactKey: Guid(8d1fa7efae0f97d46947bcd203f8ecdb) Importer(815301076,1909f56bfc062723c751e8b465ee728b)
Start importing Assets/Characters/Player/AC_Player.controller using Guid(8d1fa7efae0f97d46947bcd203f8ecdb) Importer(815301076,1909f56bfc062723c751e8b465ee728b)  -> (artifact id: 'c4bcc366858c29a50e7db92fc68fbb23') in 0.013870 seconds
Number of updated asset objects reloaded before import = 0
Number of asset objects unloaded after import = 3
========================================================================
Received Import Request.
  Time since last request: 11.663978 seconds.
  path: Assets/Characters/Player/_Idle_0.controller
  artifactKey: Guid(86b67671d7742c74ebd5cf95a19290db) Importer(815301076,1909f56bfc062723c751e8b465ee728b)
Start importing Assets/Characters/Player/_Idle_0.controller using Guid(86b67671d7742c74ebd5cf95a19290db) Importer(815301076,1909f56bfc062723c751e8b465ee728b)  -> (artifact id: 'c268f3d6ac8f4df445005a503725e483') in 0.001244 seconds
Number of updated asset objects reloaded before import = 0
Number of asset objects unloaded after import = 1
========================================================================
Received Import Request.
  Time since last request: 140.810693 seconds.
  path: Assets/Characters/Player/New Animation.anim
  artifactKey: Guid(0dca4089e95b0c64b8c2be335ee8476f) Importer(815301076,1909f56bfc062723c751e8b465ee728b)
Start importing Assets/Characters/Player/New Animation.anim using Guid(0dca4089e95b0c64b8c2be335ee8476f) Importer(815301076,1909f56bfc062723c751e8b465ee728b)  -> (artifact id: '6c01ecbb6f6f02b4e5aa32c9e1151766') in 0.001807 seconds
Number of updated asset objects reloaded before import = 0
Number of asset objects unloaded after import = 1
========================================================================
Received Import Request.
  Time since last request: 13.347772 seconds.
  path: Assets/Characters/Player/idle_animation.anim
  artifactKey: Guid(3f40287bae867e044ad67df7007bc917) Importer(815301076,1909f56bfc062723c751e8b465ee728b)
Start importing Assets/Characters/Player/idle_animation.anim using Guid(3f40287bae867e044ad67df7007bc917) Importer(815301076,1909f56bfc062723c751e8b465ee728b)  -> (artifact id: '6ffc9820d117514e9a9d190278d60774') in 0.009833 seconds
Number of updated asset objects reloaded before import = 0
Number of asset objects unloaded after import = 1
========================================================================
Received Import Request.
  Time since last request: 6.510004 seconds.
  path: Assets/Characters/Player/idle_animstion_real.anim
  artifactKey: Guid(4a8728073ce0c29409d275d49e5154ce) Importer(815301076,1909f56bfc062723c751e8b465ee728b)
Start importing Assets/Characters/Player/idle_animstion_real.anim using Guid(4a8728073ce0c29409d275d49e5154ce) Importer(815301076,1909f56bfc062723c751e8b465ee728b)  -> (artifact id: 'd93c6055a4c149081493d9c3525ed1eb') in 0.001131 seconds
Number of updated asset objects reloaded before import = 0
Number of asset objects unloaded after import = 1
========================================================================
Received Import Request.
  Time since last request: 10.759685 seconds.
  path: Assets/Characters/Player/idle_test.anim
  artifactKey: Guid(204781788e7fc184d83168951147c86e) Importer(815301076,1909f56bfc062723c751e8b465ee728b)
Start importing Assets/Characters/Player/idle_test.anim using Guid(204781788e7fc184d83168951147c86e) Importer(815301076,1909f56bfc062723c751e8b465ee728b)  -> (artifact id: '9fa3e76c7a95309eb8b8f12bd1922cab') in 0.001845 seconds
Number of updated asset objects reloaded before import = 0
Number of asset objects unloaded after import = 1
