Using pre-set license
Built from '2022.3/staging' branch; Version is '2022.3.7f1 (b16b3b16c7a0) revision 11627323'; Using compiler version '192829333'; Build Type 'Release'
OS: 'Windows 11  (10.0.22621) 64bit Core' Language: 'sv' Physical Memory: 16295 MB
BatchMode: 1, IsHumanControllingUs: 0, StartBugReporterOnCrash: 0, Is64bit: 1, IsPro: 1

COMMAND LINE ARGUMENTS:
C:\Program Files\Unity 2022.3.7f1\Editor\Unity.exe
-adb2
-batchMode
-noUpm
-name
AssetImportWorker1
-projectPath
C:/Users/isacs/Documents/GitHub/Soulkeeper
-logFile
Logs/AssetImportWorker1.log
-srvPort
62382
Successfully changed project path to: C:/Users/isacs/Documents/GitHub/Soulkeeper
C:/Users/isacs/Documents/GitHub/Soulkeeper
[UnityMemory] Configuration Parameters - Can be set up in boot.config
    "memorysetup-bucket-allocator-granularity=16"
    "memorysetup-bucket-allocator-bucket-count=8"
    "memorysetup-bucket-allocator-block-size=33554432"
    "memorysetup-bucket-allocator-block-count=8"
    "memorysetup-main-allocator-block-size=16777216"
    "memorysetup-thread-allocator-block-size=16777216"
    "memorysetup-gfx-main-allocator-block-size=16777216"
    "memorysetup-gfx-thread-allocator-block-size=16777216"
    "memorysetup-cache-allocator-block-size=4194304"
    "memorysetup-typetree-allocator-block-size=2097152"
    "memorysetup-profiler-bucket-allocator-granularity=16"
    "memorysetup-profiler-bucket-allocator-bucket-count=8"
    "memorysetup-profiler-bucket-allocator-block-size=33554432"
    "memorysetup-profiler-bucket-allocator-block-count=8"
    "memorysetup-profiler-allocator-block-size=16777216"
    "memorysetup-profiler-editor-allocator-block-size=1048576"
    "memorysetup-temp-allocator-size-main=16777216"
    "memorysetup-job-temp-allocator-block-size=2097152"
    "memorysetup-job-temp-allocator-block-size-background=1048576"
    "memorysetup-job-temp-allocator-reduction-small-platforms=262144"
    "memorysetup-allocator-temp-initial-block-size-main=262144"
    "memorysetup-allocator-temp-initial-block-size-worker=262144"
    "memorysetup-temp-allocator-size-background-worker=32768"
    "memorysetup-temp-allocator-size-job-worker=262144"
    "memorysetup-temp-allocator-size-preload-manager=33554432"
    "memorysetup-temp-allocator-size-nav-mesh-worker=65536"
    "memorysetup-temp-allocator-size-audio-worker=65536"
    "memorysetup-temp-allocator-size-cloud-worker=32768"
    "memorysetup-temp-allocator-size-gi-baking-worker=262144"
    "memorysetup-temp-allocator-size-gfx=262144"
Player connection [11984] Host "[IP] 192.168.50.198 [Port] 0 [Flags] 2 [Guid] 855954202 [EditorId] 855954202 [Version] 1048832 [Id] WindowsEditor(7,DESKTOP-OOJ3ENC) [Debug] 1 [PackageName] WindowsEditor [ProjectName] Editor" joined multi-casting on [225.0.0.222:54997]...

Player connection [11984] Host "[IP] 192.168.50.198 [Port] 0 [Flags] 2 [Guid] 855954202 [EditorId] 855954202 [Version] 1048832 [Id] WindowsEditor(7,DESKTOP-OOJ3ENC) [Debug] 1 [PackageName] WindowsEditor [ProjectName] Editor" joined alternative multi-casting on [225.0.0.222:34997]...

Refreshing native plugins compatible for Editor in 132.49 ms, found 4 plugins.
Preloading 0 native plugins for Editor in 0.00 ms.
Initialize engine version: 2022.3.7f1 (b16b3b16c7a0)
[Subsystems] Discovering subsystems at path C:/Program Files/Unity 2022.3.7f1/Editor/Data/Resources/UnitySubsystems
[Subsystems] Discovering subsystems at path C:/Users/isacs/Documents/GitHub/Soulkeeper/Assets
GfxDevice: creating device client; threaded=0; jobified=0
Direct3D:
    Version:  Direct3D 11.0 [level 11.1]
    Renderer: NVIDIA GeForce RTX 3070 (ID=0x2484)
    Vendor:   NVIDIA
    VRAM:     8031 MB
    Driver:   31.0.15.3699
Initialize mono
Mono path[0] = 'C:/Program Files/Unity 2022.3.7f1/Editor/Data/Managed'
Mono path[1] = 'C:/Program Files/Unity 2022.3.7f1/Editor/Data/MonoBleedingEdge/lib/mono/unityjit-win32'
Mono config path = 'C:/Program Files/Unity 2022.3.7f1/Editor/Data/MonoBleedingEdge/etc'
Using monoOptions --debugger-agent=transport=dt_socket,embedding=1,server=y,suspend=n,address=127.0.0.1:56204
Begin MonoManager ReloadAssembly
Registering precompiled unity dll's ...
Register platform support module: C:/Program Files/Unity 2022.3.7f1/Editor/Data/PlaybackEngines/WindowsStandaloneSupport/UnityEditor.WindowsStandalone.Extensions.dll
Registered in 0.005628 seconds.
- Loaded All Assemblies, in  0.649 seconds
Native extension for WindowsStandalone target not found
Mono: successfully reloaded assembly
- Finished resetting the current domain, in  0.674 seconds
Domain Reload Profiling: 1322ms
	BeginReloadAssembly (136ms)
		ExecutionOrderSort (0ms)
		DisableScriptedObjects (0ms)
		BackupInstance (0ms)
		ReleaseScriptingObjects (0ms)
		CreateAndSetChildDomain (1ms)
	RebuildCommonClasses (47ms)
	RebuildNativeTypeToScriptingClass (13ms)
	initialDomainReloadingComplete (63ms)
	LoadAllAssembliesAndSetupDomain (388ms)
		LoadAssemblies (134ms)
		RebuildTransferFunctionScriptingTraits (0ms)
		AnalyzeDomain (385ms)
			TypeCache.Refresh (382ms)
				TypeCache.ScanAssembly (355ms)
			ScanForSourceGeneratedMonoScriptInfo (1ms)
			ResolveRequiredComponents (1ms)
	FinalizeReload (674ms)
		ReleaseScriptCaches (0ms)
		RebuildScriptCaches (0ms)
		SetupLoadedEditorAssemblies (538ms)
			LogAssemblyErrors (0ms)
			InitializePlatformSupportModulesInManaged (24ms)
			SetLoadedEditorAssemblies (9ms)
			RefreshPlugins (0ms)
			BeforeProcessingInitializeOnLoad (3ms)
			ProcessInitializeOnLoadAttributes (344ms)
			ProcessInitializeOnLoadMethodAttributes (158ms)
			AfterProcessingInitializeOnLoad (0ms)
			EditorAssembliesLoaded (0ms)
		ExecutionOrderSort2 (0ms)
		AwakeInstancesAfterBackupRestoration (0ms)
========================================================================
Worker process is ready to serve import requests
Begin MonoManager ReloadAssembly
Symbol file LoadedFromMemory doesn't match image C:\Users\isacs\Documents\GitHub\Soulkeeper\Library\PackageCache\com.unity.visualscripting@1.8.0\Editor\VisualScripting.Core\Dependencies\YamlDotNet\Unity.VisualScripting.YamlDotNet.dll
Symbol file LoadedFromMemory doesn't match image C:\Users\isacs\Documents\GitHub\Soulkeeper\Library\PackageCache\com.unity.visualscripting@1.8.0\Editor\VisualScripting.Core\Dependencies\DotNetZip\Unity.VisualScripting.IonicZip.dll
- Loaded All Assemblies, in  1.425 seconds
Refreshing native plugins compatible for Editor in 5.13 ms, found 4 plugins.
Native extension for WindowsStandalone target not found
Package Manager log level set to [2]
[Package Manager] Server::EnsureServerProcessIsRunning -- launch failed, reason: Unity was launched with the -noUpm command-line argument
[Package Manager] UpmClient::Send -- Unable to send message (not connected to UPM process).
[Package Manager] Cannot connect to Unity Package Manager local server
Mono: successfully reloaded assembly
- Finished resetting the current domain, in  1.700 seconds
Domain Reload Profiling: 3112ms
	BeginReloadAssembly (267ms)
		ExecutionOrderSort (0ms)
		DisableScriptedObjects (8ms)
		BackupInstance (0ms)
		ReleaseScriptingObjects (0ms)
		CreateAndSetChildDomain (36ms)
	RebuildCommonClasses (78ms)
	RebuildNativeTypeToScriptingClass (42ms)
	initialDomainReloadingComplete (118ms)
	LoadAllAssembliesAndSetupDomain (908ms)
		LoadAssemblies (554ms)
		RebuildTransferFunctionScriptingTraits (0ms)
		AnalyzeDomain (507ms)
			TypeCache.Refresh (453ms)
				TypeCache.ScanAssembly (425ms)
			ScanForSourceGeneratedMonoScriptInfo (39ms)
			ResolveRequiredComponents (14ms)
	FinalizeReload (1700ms)
		ReleaseScriptCaches (0ms)
		RebuildScriptCaches (0ms)
		SetupLoadedEditorAssemblies (1327ms)
			LogAssemblyErrors (0ms)
			InitializePlatformSupportModulesInManaged (9ms)
			SetLoadedEditorAssemblies (7ms)
			RefreshPlugins (0ms)
			BeforeProcessingInitializeOnLoad (247ms)
			ProcessInitializeOnLoadAttributes (889ms)
			ProcessInitializeOnLoadMethodAttributes (163ms)
			AfterProcessingInitializeOnLoad (10ms)
			EditorAssembliesLoaded (1ms)
		ExecutionOrderSort2 (0ms)
		AwakeInstancesAfterBackupRestoration (16ms)
Launched and connected shader compiler UnityShaderCompiler.exe after 0.09 seconds
Refreshing native plugins compatible for Editor in 5.43 ms, found 4 plugins.
Preloading 0 native plugins for Editor in 0.00 ms.
Unloading 6297 Unused Serialized files (Serialized files now loaded: 0)
Unloading 104 unused Assets / (422.3 KB). Loaded Objects now: 6758.
Memory consumption went from 231.8 MB to 231.3 MB.
Total: 6.506800 ms (FindLiveObjects: 0.782400 ms CreateObjectMapping: 1.023200 ms MarkObjects: 4.348000 ms  DeleteObjects: 0.352300 ms)

AssetImportParameters requested are different than current active one (requested -> active):
  custom:container-demuxer-ogg: 62fdf1f143b41e24485cea50d1cbac27 -> 
  custom:video-decoder-ogg-theora: a1e56fd34408186e4bbccfd4996cb3dc -> 
  custom:framework-win-MediaFoundation: 216162199b28c13a410421893ffa2e32 -> 
  custom:container-demuxer-webm: 4f35f7cbe854078d1ac9338744f61a02 -> 
  custom:container-muxer-webm: aa71ff27fc2769a1b78a27578f13a17b -> 
  custom:video-decoder-webm-vp8: 9c59270c3fd7afecdb556c50c9e8de78 -> 
  custom:AudioImporter_EditorPlatform: d09bf68614088b80899f8185d706f6e7 -> 
  custom:video-encoder-webm-vp8: eb34c28f22e8b96e1ab97ce403110664 -> 
  custom:audio-decoder-ogg-vorbis: bf7c407c2cedff20999df2af8eb42d56 -> 
  custom:audio-encoder-webm-vorbis: bf7c407c2cedff20999df2af8eb42d56 -> 
========================================================================
Received Prepare
Refreshing native plugins compatible for Editor in 10.22 ms, found 4 plugins.
Preloading 0 native plugins for Editor in 0.00 ms.
Unloading 3 Unused Serialized files (Serialized files now loaded: 0)
Unloading 3 unused Assets / (364.1 KB). Loaded Objects now: 6758.
Memory consumption went from 109.4 MB to 109.0 MB.
Total: 11.658400 ms (FindLiveObjects: 3.299600 ms CreateObjectMapping: 0.637900 ms MarkObjects: 7.649900 ms  DeleteObjects: 0.069800 ms)

Prepare: number of updated asset objects reloaded= 0
AssetImportParameters requested are different than current active one (requested -> active):
  custom:container-demuxer-ogg: 62fdf1f143b41e24485cea50d1cbac27 -> 
  custom:video-decoder-ogg-theora: a1e56fd34408186e4bbccfd4996cb3dc -> 
  custom:framework-win-MediaFoundation: 216162199b28c13a410421893ffa2e32 -> 
  custom:CustomObjectIndexerAttribute: a3ef5dd2817f97addfee359851a9dba5 -> 
  custom:container-demuxer-webm: 4f35f7cbe854078d1ac9338744f61a02 -> 
  custom:container-muxer-webm: aa71ff27fc2769a1b78a27578f13a17b -> 
  custom:video-decoder-webm-vp8: 9c59270c3fd7afecdb556c50c9e8de78 -> 
  custom:SearchIndexIgnoredProperties: e643bd26f0fe6173181afceb89e7c659 -> 
  custom:AudioImporter_EditorPlatform: d09bf68614088b80899f8185d706f6e7 -> 
  custom:video-encoder-webm-vp8: eb34c28f22e8b96e1ab97ce403110664 -> 
  custom:audio-decoder-ogg-vorbis: bf7c407c2cedff20999df2af8eb42d56 -> 
  custom:audio-encoder-webm-vorbis: bf7c407c2cedff20999df2af8eb42d56 -> 
========================================================================
Received Import Request.
  Time since last request: 84517.307271 seconds.
  path: Assets/Art/freeknight/Colour1/NoOutline/120x80_PNGSheets/_Attack2NoMovement.png
  artifactKey: Guid(8fa09b107189b6b48983d2c479d6714f) Importer(815301076,1909f56bfc062723c751e8b465ee728b)
Start importing Assets/Art/freeknight/Colour1/NoOutline/120x80_PNGSheets/_Attack2NoMovement.png using Guid(8fa09b107189b6b48983d2c479d6714f) Importer(815301076,1909f56bfc062723c751e8b465ee728b)  -> (artifact id: '0af2892756d2669f9843a6bd5a486fcf') in 0.078359 seconds
Number of updated asset objects reloaded before import = 0
Number of asset objects unloaded after import = 1
========================================================================
Received Import Request.
  Time since last request: 0.001073 seconds.
  path: Assets/Art/freeknight/Colour1/NoOutline/120x80_PNGSheets/_Crouch.png
  artifactKey: Guid(67707b1d87ebece48a8c81d878795bc7) Importer(815301076,1909f56bfc062723c751e8b465ee728b)
Start importing Assets/Art/freeknight/Colour1/NoOutline/120x80_PNGSheets/_Crouch.png using Guid(67707b1d87ebece48a8c81d878795bc7) Importer(815301076,1909f56bfc062723c751e8b465ee728b)  -> (artifact id: '38d04a5411c1833ffe944f7948547824') in 0.002420 seconds
Number of updated asset objects reloaded before import = 0
Number of asset objects unloaded after import = 1
========================================================================
Received Import Request.
  Time since last request: 0.008897 seconds.
  path: Assets/Art/freeknight/Colour1/NoOutline/120x80_PNGSheets/_CrouchFull.png
  artifactKey: Guid(3a134d496980428468830086911b7c5d) Importer(815301076,1909f56bfc062723c751e8b465ee728b)
Start importing Assets/Art/freeknight/Colour1/NoOutline/120x80_PNGSheets/_CrouchFull.png using Guid(3a134d496980428468830086911b7c5d) Importer(815301076,1909f56bfc062723c751e8b465ee728b)  -> (artifact id: 'adeeac89d6a9229334a5ef79cd49d69b') in 0.001945 seconds
Number of updated asset objects reloaded before import = 0
Number of asset objects unloaded after import = 1
========================================================================
Received Import Request.
  Time since last request: 0.000013 seconds.
  path: Assets/Art/freeknight/Colour1/NoOutline/120x80_PNGSheets/_Hit.png
  artifactKey: Guid(52ec306646e780849894171c6e607d9d) Importer(815301076,1909f56bfc062723c751e8b465ee728b)
Start importing Assets/Art/freeknight/Colour1/NoOutline/120x80_PNGSheets/_Hit.png using Guid(52ec306646e780849894171c6e607d9d) Importer(815301076,1909f56bfc062723c751e8b465ee728b)  -> (artifact id: '48508492b06d9f191ff498cfe30d6ccf') in 0.001257 seconds
Number of updated asset objects reloaded before import = 0
Number of asset objects unloaded after import = 1
========================================================================
Received Import Request.
  Time since last request: 0.000088 seconds.
  path: Assets/Art/freeknight/Colour1/NoOutline/120x80_PNGSheets/_Dash.png
  artifactKey: Guid(c98ce32c894e9aa47a1a7f1d80cf9a60) Importer(815301076,1909f56bfc062723c751e8b465ee728b)
Start importing Assets/Art/freeknight/Colour1/NoOutline/120x80_PNGSheets/_Dash.png using Guid(c98ce32c894e9aa47a1a7f1d80cf9a60) Importer(815301076,1909f56bfc062723c751e8b465ee728b)  -> (artifact id: '194647e11ce8ef2e0ebb211e91fe7232') in 0.002036 seconds
Number of updated asset objects reloaded before import = 0
Number of asset objects unloaded after import = 3
========================================================================
Received Import Request.
  Time since last request: 0.000014 seconds.
  path: Assets/Art/freeknight/Colour1/NoOutline/120x80_PNGSheets/_Attack.png
  artifactKey: Guid(830a0720c0ad14c468fd7baa46b82457) Importer(815301076,1909f56bfc062723c751e8b465ee728b)
Start importing Assets/Art/freeknight/Colour1/NoOutline/120x80_PNGSheets/_Attack.png using Guid(830a0720c0ad14c468fd7baa46b82457) Importer(815301076,1909f56bfc062723c751e8b465ee728b)  -> (artifact id: 'f99eb3ba614f1bb10c045026fccf376e') in 0.001420 seconds
Number of updated asset objects reloaded before import = 0
Number of asset objects unloaded after import = 1
========================================================================
Received Import Request.
  Time since last request: 0.000012 seconds.
  path: Assets/Art/freeknight/Colour1/NoOutline/120x80_PNGSheets/_TurnAround.png
  artifactKey: Guid(a7b8948fec5450d4abfd54dda9b71ab7) Importer(815301076,1909f56bfc062723c751e8b465ee728b)
Start importing Assets/Art/freeknight/Colour1/NoOutline/120x80_PNGSheets/_TurnAround.png using Guid(a7b8948fec5450d4abfd54dda9b71ab7) Importer(815301076,1909f56bfc062723c751e8b465ee728b)  -> (artifact id: 'e0261690d02ddf64e30bbd9c632bff99') in 0.001157 seconds
Number of updated asset objects reloaded before import = 0
Number of asset objects unloaded after import = 1
========================================================================
Received Import Request.
  Time since last request: 0.000011 seconds.
  path: Assets/Art/freeknight/Colour1/NoOutline/120x80_PNGSheets/_Attack2.png
  artifactKey: Guid(a43d54c57e797b54fb99dc5f03b508c2) Importer(815301076,1909f56bfc062723c751e8b465ee728b)
Start importing Assets/Art/freeknight/Colour1/NoOutline/120x80_PNGSheets/_Attack2.png using Guid(a43d54c57e797b54fb99dc5f03b508c2) Importer(815301076,1909f56bfc062723c751e8b465ee728b)  -> (artifact id: '626b0ea9cce2318d250ca00823579fa9') in 0.001358 seconds
Number of updated asset objects reloaded before import = 0
Number of asset objects unloaded after import = 1
========================================================================
Received Import Request.
  Time since last request: 0.000011 seconds.
  path: Assets/Art/freeknight/Colour1/NoOutline/120x80_PNGSheets/_AttackComboNoMovement.png
  artifactKey: Guid(9a616707d19320a478c23bcc2e7b0513) Importer(815301076,1909f56bfc062723c751e8b465ee728b)
Start importing Assets/Art/freeknight/Colour1/NoOutline/120x80_PNGSheets/_AttackComboNoMovement.png using Guid(9a616707d19320a478c23bcc2e7b0513) Importer(815301076,1909f56bfc062723c751e8b465ee728b)  -> (artifact id: '4071eb0eb88f17179f1937d3f7894b7a') in 0.002927 seconds
Number of updated asset objects reloaded before import = 0
Number of asset objects unloaded after import = 1
========================================================================
Received Import Request.
  Time since last request: 0.000012 seconds.
  path: Assets/Art/freeknight/Colour1/NoOutline/120x80_PNGSheets/_DeathNoMovement.png
  artifactKey: Guid(bfd24e014828ca445833d66f6980a10c) Importer(815301076,1909f56bfc062723c751e8b465ee728b)
Start importing Assets/Art/freeknight/Colour1/NoOutline/120x80_PNGSheets/_DeathNoMovement.png using Guid(bfd24e014828ca445833d66f6980a10c) Importer(815301076,1909f56bfc062723c751e8b465ee728b)  -> (artifact id: '150088ef4970ba87d9fd39aeda2c448b') in 0.001912 seconds
Number of updated asset objects reloaded before import = 0
Number of asset objects unloaded after import = 1
========================================================================
Received Import Request.
  Time since last request: 0.000013 seconds.
  path: Assets/Art/freeknight/Colour1/NoOutline/120x80_PNGSheets/_JumpFallInbetween.png
  artifactKey: Guid(c281278d84b4201419e0e87dbaf2b84d) Importer(815301076,1909f56bfc062723c751e8b465ee728b)
Start importing Assets/Art/freeknight/Colour1/NoOutline/120x80_PNGSheets/_JumpFallInbetween.png using Guid(c281278d84b4201419e0e87dbaf2b84d) Importer(815301076,1909f56bfc062723c751e8b465ee728b)  -> (artifact id: 'b4b0b9354ef845368a7b57b3671967c6') in 0.003537 seconds
Number of updated asset objects reloaded before import = 0
Number of asset objects unloaded after import = 1
========================================================================
Received Import Request.
  Time since last request: 0.000020 seconds.
  path: Assets/Art/freeknight/Colour1/NoOutline/120x80_PNGSheets/_WallClimb.png
  artifactKey: Guid(a06607686583b094eaed7ad89d872f46) Importer(815301076,1909f56bfc062723c751e8b465ee728b)
Start importing Assets/Art/freeknight/Colour1/NoOutline/120x80_PNGSheets/_WallClimb.png using Guid(a06607686583b094eaed7ad89d872f46) Importer(815301076,1909f56bfc062723c751e8b465ee728b)  -> (artifact id: '09fed5bf34665d4e389cb87ff7487ff7') in 0.001478 seconds
Number of updated asset objects reloaded before import = 0
Number of asset objects unloaded after import = 1
========================================================================
Received Import Request.
  Time since last request: 0.000012 seconds.
  path: Assets/Art/freeknight/Colour1/NoOutline/120x80_PNGSheets/_Fall.png
  artifactKey: Guid(430b5046bef92334daae75377607ad96) Importer(815301076,1909f56bfc062723c751e8b465ee728b)
Start importing Assets/Art/freeknight/Colour1/NoOutline/120x80_PNGSheets/_Fall.png using Guid(430b5046bef92334daae75377607ad96) Importer(815301076,1909f56bfc062723c751e8b465ee728b)  -> (artifact id: '6046b1e38eedf38ab736724ee891e855') in 0.002483 seconds
Number of updated asset objects reloaded before import = 0
Number of asset objects unloaded after import = 1
========================================================================
Received Import Request.
  Time since last request: 0.000014 seconds.
  path: Assets/Art/freeknight/Colour1/NoOutline/120x80_PNGSheets/_WallSlide.png
  artifactKey: Guid(37e59ca694d8a074cb80aa0ba8c2b20f) Importer(815301076,1909f56bfc062723c751e8b465ee728b)
Start importing Assets/Art/freeknight/Colour1/NoOutline/120x80_PNGSheets/_WallSlide.png using Guid(37e59ca694d8a074cb80aa0ba8c2b20f) Importer(815301076,1909f56bfc062723c751e8b465ee728b)  -> (artifact id: '8914c6e278d496bf51e73e7f9fb62c28') in 0.006167 seconds
Number of updated asset objects reloaded before import = 0
Number of asset objects unloaded after import = 1
========================================================================
Received Import Request.
  Time since last request: 0.000016 seconds.
  path: Assets/Art/freeknight/Colour1/NoOutline/120x80_PNGSheets/_CrouchAttack.png
  artifactKey: Guid(59c2fe08240d0544ba060a97bf9c1edb) Importer(815301076,1909f56bfc062723c751e8b465ee728b)
Start importing Assets/Art/freeknight/Colour1/NoOutline/120x80_PNGSheets/_CrouchAttack.png using Guid(59c2fe08240d0544ba060a97bf9c1edb) Importer(815301076,1909f56bfc062723c751e8b465ee728b)  -> (artifact id: '922f8829974e02b7b19041078009f6c8') in 0.003884 seconds
Number of updated asset objects reloaded before import = 0
Number of asset objects unloaded after import = 1
========================================================================
Received Import Request.
  Time since last request: 0.000023 seconds.
  path: Assets/Art/freeknight/Colour1/NoOutline/120x80_PNGSheets/_CrouchTransition.png
  artifactKey: Guid(d6cd9629caf57d04584225fcb9459369) Importer(815301076,1909f56bfc062723c751e8b465ee728b)
Start importing Assets/Art/freeknight/Colour1/NoOutline/120x80_PNGSheets/_CrouchTransition.png using Guid(d6cd9629caf57d04584225fcb9459369) Importer(815301076,1909f56bfc062723c751e8b465ee728b)  -> (artifact id: 'c26e7b0033ee59c729c0ec4d0968ac06') in 0.001629 seconds
Number of updated asset objects reloaded before import = 0
Number of asset objects unloaded after import = 1
========================================================================
Received Import Request.
  Time since last request: 0.000013 seconds.
  path: Assets/Art/freeknight/Colour1/NoOutline/120x80_PNGSheets/_AttackCombo.png
  artifactKey: Guid(12169105ddb2d17449c3b27f13dbbea7) Importer(815301076,1909f56bfc062723c751e8b465ee728b)
Start importing Assets/Art/freeknight/Colour1/NoOutline/120x80_PNGSheets/_AttackCombo.png using Guid(12169105ddb2d17449c3b27f13dbbea7) Importer(815301076,1909f56bfc062723c751e8b465ee728b)  -> (artifact id: 'f6af019be00b55cf98a99b75ce3a332f') in 0.003242 seconds
Number of updated asset objects reloaded before import = 0
Number of asset objects unloaded after import = 1
========================================================================
Received Import Request.
  Time since last request: 0.000355 seconds.
  path: Assets/Art/freeknight/Colour1/NoOutline/120x80_PNGSheets/_Death.png
  artifactKey: Guid(926990d7857a4f54385f46e4f65e6d41) Importer(815301076,1909f56bfc062723c751e8b465ee728b)
Start importing Assets/Art/freeknight/Colour1/NoOutline/120x80_PNGSheets/_Death.png using Guid(926990d7857a4f54385f46e4f65e6d41) Importer(815301076,1909f56bfc062723c751e8b465ee728b)  -> (artifact id: '2c4c4e55e942fc5b039b691de2d963c2') in 0.001304 seconds
Number of updated asset objects reloaded before import = 0
Number of asset objects unloaded after import = 1
========================================================================
Received Import Request.
  Time since last request: 0.000012 seconds.
  path: Assets/Art/freeknight/Colour1/NoOutline/120x80_PNGSheets/_Slide.png
  artifactKey: Guid(51492a49c6e8d6a408ac8d4290fa3b35) Importer(815301076,1909f56bfc062723c751e8b465ee728b)
Start importing Assets/Art/freeknight/Colour1/NoOutline/120x80_PNGSheets/_Slide.png using Guid(51492a49c6e8d6a408ac8d4290fa3b35) Importer(815301076,1909f56bfc062723c751e8b465ee728b)  -> (artifact id: 'b4913fdd1069f8afda25a422cc124735') in 0.004291 seconds
Number of updated asset objects reloaded before import = 0
Number of asset objects unloaded after import = 1
========================================================================
Received Import Request.
  Time since last request: 0.000015 seconds.
  path: Assets/Art/freeknight/Colour1/NoOutline/120x80_PNGSheets/_Roll.png
  artifactKey: Guid(994bf792e040767408e94ada13af3ddc) Importer(815301076,1909f56bfc062723c751e8b465ee728b)
Start importing Assets/Art/freeknight/Colour1/NoOutline/120x80_PNGSheets/_Roll.png using Guid(994bf792e040767408e94ada13af3ddc) Importer(815301076,1909f56bfc062723c751e8b465ee728b)  -> (artifact id: 'd7ab1b7c2108b41317eb154fd4233274') in 0.001797 seconds
Number of updated asset objects reloaded before import = 0
Number of asset objects unloaded after import = 1
========================================================================
Received Import Request.
  Time since last request: 0.000012 seconds.
  path: Assets/Art/freeknight/Colour1/NoOutline/120x80_PNGSheets/_SlideTransitionEnd.png
  artifactKey: Guid(04f55182065379540bb7532b1078eb51) Importer(815301076,1909f56bfc062723c751e8b465ee728b)
Start importing Assets/Art/freeknight/Colour1/NoOutline/120x80_PNGSheets/_SlideTransitionEnd.png using Guid(04f55182065379540bb7532b1078eb51) Importer(815301076,1909f56bfc062723c751e8b465ee728b)  -> (artifact id: '8c3642707d940e8b942375bb09268785') in 0.002225 seconds
Number of updated asset objects reloaded before import = 0
Number of asset objects unloaded after import = 1
========================================================================
Received Import Request.
  Time since last request: 0.000193 seconds.
  path: Assets/Art/freeknight/Colour1/NoOutline/120x80_PNGSheets/_WallClimbNoMovement.png
  artifactKey: Guid(7d6e83e1807ecee41b08757ae08d91ac) Importer(815301076,1909f56bfc062723c751e8b465ee728b)
Start importing Assets/Art/freeknight/Colour1/NoOutline/120x80_PNGSheets/_WallClimbNoMovement.png using Guid(7d6e83e1807ecee41b08757ae08d91ac) Importer(815301076,1909f56bfc062723c751e8b465ee728b)  -> (artifact id: '720172e690b45b464fdb6034742fd1e9') in 0.001667 seconds
Number of updated asset objects reloaded before import = 0
Number of asset objects unloaded after import = 1
========================================================================
Received Import Request.
  Time since last request: 0.000025 seconds.
  path: Assets/Art/freeknight/Colour1/NoOutline/120x80_PNGSheets/_WallHang.png
  artifactKey: Guid(f7c09a958a11cf344aee594972fce82e) Importer(815301076,1909f56bfc062723c751e8b465ee728b)
Start importing Assets/Art/freeknight/Colour1/NoOutline/120x80_PNGSheets/_WallHang.png using Guid(f7c09a958a11cf344aee594972fce82e) Importer(815301076,1909f56bfc062723c751e8b465ee728b)  -> (artifact id: 'f0d3d47042ef138b5c2fe641ab69e837') in 0.004180 seconds
Number of updated asset objects reloaded before import = 0
Number of asset objects unloaded after import = 1
========================================================================
Received Import Request.
  Time since last request: 0.001225 seconds.
  path: Assets/Art/freeknight/Colour1/NoOutline/120x80_PNGSheets/_SlideFull.png
  artifactKey: Guid(db551327f0072e24f8f7f132468008b2) Importer(815301076,1909f56bfc062723c751e8b465ee728b)
Start importing Assets/Art/freeknight/Colour1/NoOutline/120x80_PNGSheets/_SlideFull.png using Guid(db551327f0072e24f8f7f132468008b2) Importer(815301076,1909f56bfc062723c751e8b465ee728b)  -> (artifact id: '5f8938520934bd2d3384fda8b149f5cc') in 0.003904 seconds
Number of updated asset objects reloaded before import = 0
Number of asset objects unloaded after import = 5
========================================================================
Received Import Request.
  Time since last request: 0.000126 seconds.
  path: Assets/Art/freeknight/Colour1/NoOutline/120x80_PNGSheets/_AttackNoMovement.png
  artifactKey: Guid(9296bf492bd925a40be1306aaa21843b) Importer(815301076,1909f56bfc062723c751e8b465ee728b)
Start importing Assets/Art/freeknight/Colour1/NoOutline/120x80_PNGSheets/_AttackNoMovement.png using Guid(9296bf492bd925a40be1306aaa21843b) Importer(815301076,1909f56bfc062723c751e8b465ee728b)  -> (artifact id: '79c7248b150e20cbfbc5bda42973f6d0') in 0.004326 seconds
Number of updated asset objects reloaded before import = 0
Number of asset objects unloaded after import = 1
========================================================================
Received Import Request.
  Time since last request: 0.000226 seconds.
  path: Assets/Art/freeknight/Colour1/NoOutline/120x80_PNGSheets/_CrouchWalk.png
  artifactKey: Guid(b2c3671e519c2e741b1c763f3c3e9786) Importer(815301076,1909f56bfc062723c751e8b465ee728b)
Start importing Assets/Art/freeknight/Colour1/NoOutline/120x80_PNGSheets/_CrouchWalk.png using Guid(b2c3671e519c2e741b1c763f3c3e9786) Importer(815301076,1909f56bfc062723c751e8b465ee728b)  -> (artifact id: '47e094f37401550de036643fb37bba6e') in 0.003178 seconds
Number of updated asset objects reloaded before import = 0
Number of asset objects unloaded after import = 1
========================================================================
Received Import Request.
  Time since last request: 0.084322 seconds.
  path: Assets/Art/freeknight/Colour1/NoOutline/120x80_PNGSheets/_Jump.png
  artifactKey: Guid(ee8fd90cb9d8d774d8ebefa908faf1f0) Importer(815301076,1909f56bfc062723c751e8b465ee728b)
Start importing Assets/Art/freeknight/Colour1/NoOutline/120x80_PNGSheets/_Jump.png using Guid(ee8fd90cb9d8d774d8ebefa908faf1f0) Importer(815301076,1909f56bfc062723c751e8b465ee728b)  -> (artifact id: '3aa23fdf3349d86ff9fa9813165f4f03') in 0.001893 seconds
Number of updated asset objects reloaded before import = 0
Number of asset objects unloaded after import = 4
